[17/12/2025 21:44:31] 🤖 MRKT Edge - Agendador REALTIME 24/7
[17/12/2025 21:44:31] ======================================================================
[17/12/2025 21:44:31] ⏰ HORÁRIOS DE ATUALIZAÇÃO (Brasília):
[17/12/2025 21:44:31] 
[17/12/2025 21:44:31]    06:00 - 🌅 Pré-Mercado (Ásia fechando, Europa abrindo)
[17/12/2025 21:44:31]    09:00 - 🇪🇺 Londres Aberta (GBP, EUR dados)
[17/12/2025 21:44:31]    11:00 - 🇺🇸 NY Abertura (USD dados principais)
[17/12/2025 21:44:31]    14:00 - 📊 Meio do Dia (Fed, dados secundários)
[17/12/2025 21:44:31]    17:00 - 🌆 Tarde (Europa fechando)
[17/12/2025 21:44:31]    21:00 - 🌙 Noite (Ásia abrindo, JPY, AUD)
[17/12/2025 21:44:31] 
[17/12/2025 21:44:31] 📋 A cada atualização:
[17/12/2025 21:44:31]    1. Busca novos resultados no ForexFactory
[17/12/2025 21:44:31]    2. Atualiza banco de dados
[17/12/2025 21:44:31]    3. Regenera panorama com dados mais recentes
[17/12/2025 21:44:31] 
[17/12/2025 21:44:31] 💡 Sistema rodando em modo REALTIME!
[17/12/2025 21:44:31] ======================================================================
[17/12/2025 21:44:31] 
[17/12/2025 21:44:31] 🕐 Hora atual (Brasília): 17/12/2025 21:44:31
[17/12/2025 21:44:31] 📅 Próxima execução: 18/12/2025 06:00:00 (Brasília)
[17/12/2025 21:44:31] 
[17/12/2025 21:44:31] 🔄 Aguardando próximo horário...
[17/12/2025 21:44:31]    (Aperte Ctrl+C para parar)
[17/12/2025 21:44:31] 
